0 info it worked if it ends with ok
1 verbose cli [ 'C:\\Projects\\dq-cli\\node.exe',
1 verbose cli   'C:\\Projects\\dq-cli\\node_modules\\npm\\bin\\npm-cli.js',
1 verbose cli   'install',
1 verbose cli   'chilkat_node6_arm' ]
2 info using npm@3.10.9
3 info using node@v6.9.2
4 silly loadCurrentTree Starting
5 silly install loadCurrentTree
6 silly install readLocalPackageData
7 silly fetchPackageMetaData chilkat_node6_arm
8 silly fetchNamedPackageData chilkat_node6_arm
9 silly mapToRegistry name chilkat_node6_arm
10 silly mapToRegistry using default registry
11 silly mapToRegistry registry https://registry.npmjs.org/
12 silly mapToRegistry data Result {
12 silly mapToRegistry   raw: 'chilkat_node6_arm',
12 silly mapToRegistry   scope: null,
12 silly mapToRegistry   escapedName: 'chilkat_node6_arm',
12 silly mapToRegistry   name: 'chilkat_node6_arm',
12 silly mapToRegistry   rawSpec: '',
12 silly mapToRegistry   spec: 'latest',
12 silly mapToRegistry   type: 'tag' }
13 silly mapToRegistry uri https://registry.npmjs.org/chilkat_node6_arm
14 verbose request uri https://registry.npmjs.org/chilkat_node6_arm
15 verbose request no auth needed
16 info attempt registry request try #1 at 9:18:59 PM
17 verbose request id d1505165f7bdbad3
18 http request GET https://registry.npmjs.org/chilkat_node6_arm
19 http 200 https://registry.npmjs.org/chilkat_node6_arm
20 verbose headers { server: 'nginx/1.10.1',
20 verbose headers   'content-type': 'application/json',
20 verbose headers   'last-modified': 'Sat, 31 Dec 2016 17:10:28 GMT',
20 verbose headers   etag: 'W/"5867e684-34ab"',
20 verbose headers   'content-encoding': 'gzip',
20 verbose headers   'cache-control': 'max-age=300',
20 verbose headers   'content-length': '2569',
20 verbose headers   'accept-ranges': 'bytes',
20 verbose headers   date: 'Tue, 03 Jan 2017 15:49:00 GMT',
20 verbose headers   via: '1.1 varnish',
20 verbose headers   age: '0',
20 verbose headers   connection: 'keep-alive',
20 verbose headers   'x-served-by': 'cache-lcy1130-LCY',
20 verbose headers   'x-cache': 'MISS',
20 verbose headers   'x-cache-hits': '0',
20 verbose headers   'x-timer': 'S1483458540.487367,VS0,VE50',
20 verbose headers   vary: 'Accept-Encoding' }
21 silly get cb [ 200,
21 silly get   { server: 'nginx/1.10.1',
21 silly get     'content-type': 'application/json',
21 silly get     'last-modified': 'Sat, 31 Dec 2016 17:10:28 GMT',
21 silly get     etag: 'W/"5867e684-34ab"',
21 silly get     'content-encoding': 'gzip',
21 silly get     'cache-control': 'max-age=300',
21 silly get     'content-length': '2569',
21 silly get     'accept-ranges': 'bytes',
21 silly get     date: 'Tue, 03 Jan 2017 15:49:00 GMT',
21 silly get     via: '1.1 varnish',
21 silly get     age: '0',
21 silly get     connection: 'keep-alive',
21 silly get     'x-served-by': 'cache-lcy1130-LCY',
21 silly get     'x-cache': 'MISS',
21 silly get     'x-cache-hits': '0',
21 silly get     'x-timer': 'S1483458540.487367,VS0,VE50',
21 silly get     vary: 'Accept-Encoding' } ]
22 verbose get saving chilkat_node6_arm to C:\Users\rar\AppData\Roaming\npm-cache\registry.npmjs.org\chilkat_node6_arm\.cache.json
23 verbose correctMkdir C:\Users\rar\AppData\Roaming\npm-cache correctMkdir not in flight; initializing
24 silly install normalizeTree
25 silly loadCurrentTree Finishing
26 silly loadIdealTree Starting
27 silly install loadIdealTree
28 silly cloneCurrentTree Starting
29 silly install cloneCurrentTreeToIdealTree
30 silly cloneCurrentTree Finishing
31 silly loadShrinkwrap Starting
32 silly install loadShrinkwrap
33 silly loadShrinkwrap Finishing
34 silly loadAllDepsIntoIdealTree Starting
35 silly install loadAllDepsIntoIdealTree
36 silly rollbackFailedOptional Starting
37 silly rollbackFailedOptional Finishing
38 silly runTopLevelLifecycles Finishing
39 silly install printInstalled
40 verbose stack Error: Unsupported platform for chilkat_node6_arm@9.50.65: wanted {"name":"chilkat_node6_arm","version":"9.50.65","description":"Chilkat classes for Node.js","main":"chilkat.node","scripts":{"test":"echo \"Error: no test specified\" && exit 1"},"keywords":["chilkat","SSH","SFTP","FTP","FTPS","POP3","SMTP","REST","JWT","OAuth2","IMAP","Certificate","ASN.1","PKCS7","Signature","RSA","DSA","ECC","S3","S/MIME","MIME","Email","PFX","PEM","SCP","Java KeyStore","GZip","DKIM","MHT","HMAC","Hashing","Compression","Socket","TLS","SSL","SSH Tunnel","Encoding","Charset","Zip","HTTP","Encryption"],"author":{"name":"Chilkat Software, Inc.","email":"support@chilkatsoft.com","url":"http://www.chilkatsoft.com/"},"licenses":[{"type":"Chilkat","url":"http://www.chilkatsoft.com/licensingExplained.asp"}],"engines":{"node":">=6.0.0 <7.0.0"},"os":["linux"],"cpu":["arm"],"_id":"chilkat_node6_arm@9.50.65","_shasum":"a3cf8c4b3dff3598d58467acac0d73a4e3c5dbc5","_from":"chilkat_node6_arm","_npmVersion":"3.10.10","_nodeVersion":"7.3.0","_npmUser":{"name":"chilkat","email":"support@chilkatsoft.com"},"dist":{"shasum":"a3cf8c4b3dff3598d58467acac0d73a4e3c5dbc5","tarball":"https://registry.npmjs.org/chilkat_node6_arm/-/chilkat_node6_arm-9.50.65.tgz"},"maintainers":[{"name":"chilkat","email":"support@chilkatsoft.com"}],"_npmOperationalInternal":{"host":"packages-12-west.internal.npmjs.com","tmp":"tmp/chilkat_node6_arm-9.50.65.tgz_1483204225184_0.9282786736730486"},"directories":{},"_resolved":"https://registry.npmjs.org/chilkat_node6_arm/-/chilkat_node6_arm-9.50.65.tgz","_requested":{"raw":"chilkat_node6_arm","scope":null,"escapedName":"chilkat_node6_arm","name":"chilkat_node6_arm","rawSpec":"","spec":"latest","type":"tag"},"_spec":"chilkat_node6_arm","_where":"C:\\Projects\\dq-cli","_args":[[{"raw":"chilkat_node6_arm","scope":null,"escapedName":"chilkat_node6_arm","name":"chilkat_node6_arm","rawSpec":"","spec":"latest","type":"tag"},"C:\\Projects\\dq-cli"]],"readme":"ERROR: No README data found!"} (current: {"os":"win32","cpu":"x64"})
40 verbose stack     at checkPlatform (C:\Projects\dq-cli\node_modules\npm\node_modules\npm-install-checks\index.js:45:14)
40 verbose stack     at thenWarnEngineIssues (C:\Projects\dq-cli\node_modules\npm\lib\install\validate-args.js:41:5)
40 verbose stack     at C:\Projects\dq-cli\node_modules\npm\node_modules\iferr\index.js:13:50
40 verbose stack     at checkEngine (C:\Projects\dq-cli\node_modules\npm\node_modules\npm-install-checks\index.js:24:10)
40 verbose stack     at module.exports.isInstallable (C:\Projects\dq-cli\node_modules\npm\lib\install\validate-args.js:38:3)
40 verbose stack     at Array.<anonymous> (C:\Projects\dq-cli\node_modules\npm\node_modules\slide\lib\bind-actor.js:15:8)
40 verbose stack     at LOOP (C:\Projects\dq-cli\node_modules\npm\node_modules\slide\lib\chain.js:15:14)
40 verbose stack     at C:\Projects\dq-cli\node_modules\npm\node_modules\slide\lib\chain.js:18:7
40 verbose stack     at checkSelf (C:\Projects\dq-cli\node_modules\npm\lib\install\validate-args.js:46:72)
40 verbose stack     at Array.<anonymous> (C:\Projects\dq-cli\node_modules\npm\node_modules\slide\lib\bind-actor.js:15:8)
41 verbose pkgid chilkat_node6_arm@9.50.65
42 verbose cwd C:\Projects\dq-cli
43 error Windows_NT 6.1.7601
44 error argv "C:\\Projects\\dq-cli\\node.exe" "C:\\Projects\\dq-cli\\node_modules\\npm\\bin\\npm-cli.js" "install" "chilkat_node6_arm"
45 error node v6.9.2
46 error npm  v3.10.9
47 error code EBADPLATFORM
48 error notsup Unsupported platform for chilkat_node6_arm@9.50.65: wanted {"os":"linux","arch":"arm"} (current: {"os":"win32","arch":"x64"})
49 error notsup Valid OS:    linux
49 error notsup Valid Arch:  arm
49 error notsup Actual OS:   win32
49 error notsup Actual Arch: x64
50 verbose exit [ 1, true ]
